2019-07-26 13:52:41.108  INFO 25188 --- [main] yfann.App                                : Starting App on YY147827 with PID 25188 (C:\projects\springBootTest\target\classes started by 310256235 in C:\projects\springBootTest)
2019-07-26 13:52:41.110  INFO 25188 --- [main] yfann.App                                : No active profile set, falling back to default profiles: default
2019-07-26 13:52:41.178  INFO 25188 --- [main] ConfigServletWebServerApplicationContext : Refreshing org.springframework.boot.web.servlet.context.AnnotationConfigServletWebServerApplicationContext@41e36e46: startup date [Fri Jul 26 13:52:41 CST 2019]; root of context hierarchy
2019-07-26 13:52:43.008  INFO 25188 --- [main] o.s.b.w.embedded.tomcat.TomcatWebServer  : Tomcat initialized with port(s): 1234 (http)
2019-07-26 13:52:43.044  INFO 25188 --- [main] o.apache.catalina.core.StandardService   : Starting service [Tomcat]
2019-07-26 13:52:43.044  INFO 25188 --- [main] org.apache.catalina.core.StandardEngine  : Starting Servlet Engine: Apache Tomcat/8.5.32
2019-07-26 13:52:43.058  INFO 25188 --- [localhost-startStop-1] o.a.catalina.core.AprLifecycleListener   : The APR based Apache Tomcat Native library which allows optimal performance in production environments was not found on the java.library.path: [C:\Program Files\jdk1.8.0_102X64\bin;C:\WINDOWS\Sun\Java\bin;C:\WINDOWS\system32;C:\WINDOWS;C:\ProgramData\DockerDesktop\version-bin;C:\Program Files\Docker\Docker\Resources\bin;C:\Program Files\jdk1.8.0_102X64\jre\bin;%jJAVA_HOME%\bin;C:\Program Files\apache-maven-3.2.2\bin;C:\WINDOWS\system32;C:\WINDOWS;C:\WINDOWS\System32\Wbem;C:\WINDOWS\System32\WindowsPowerShell\v1.0\;C:\Program Files (x86)\Microsoft SQL Server\110\Tools\Binn\;C:\Program Files\Microsoft SQL Server\110\Tools\Binn\;C:\Program Files\Microsoft SQL Server\110\DTS\Binn\;C:\Program Files (x86)\Microsoft SQL Server\110\Tools\Binn\ManagementStudio\;C:\Program Files (x86)\Microsoft SQL Server\110\DTS\Binn\;C:\Program Files\TortoiseGit\bin;C:\Program Files\MongoDB\Server\4.0\bin;C:\Program Files\apache-jmeter-4.0\bin;C:\Program Files\Microsoft VS Code\bin;C:\Users\310256235\AppData\Local\Programs\Python\Python37-32;C:\Program Files\Redis;C:\Users\310256235\AppData\Local\Programs\Python\Python37\Scripts;C:\Program Files\PuTTY\;C:\ProgramData\chocolatey\bin;C:\WINDOWS\System32\OpenSSH\;C:\Program Files (x86)\PuTTY\;C:\Program Files\nodejs\;C:\Program Files\python;C:\Program Files\python\Scripts;C:\Users\310256235\AppData\Local\Microsoft\WindowsApps;C:\Users\310256235\AppData\Local\Programs\Git\cmd;C:\Program Files\Microsoft VS Code\bin;C:\Users\310256235\AppData\Local\Programs\Python\Python37\Scripts;C:\app;C:\Users\310256235\AppData\Roaming\npm;.]
2019-07-26 13:52:43.221  INFO 25188 --- [localhost-startStop-1] o.a.c.c.C.[Tomcat].[localhost].[/]       : Initializing Spring embedded WebApplicationContext
2019-07-26 13:52:43.221  INFO 25188 --- [localhost-startStop-1] o.s.web.context.ContextLoader            : Root WebApplicationContext: initialization completed in 2048 ms
2019-07-26 13:52:43.312  INFO 25188 --- [localhost-startStop-1] o.s.b.w.servlet.ServletRegistrationBean  : Servlet dispatcherServlet mapped to [/]
2019-07-26 13:52:43.316  INFO 25188 --- [localhost-startStop-1] o.s.b.w.servlet.FilterRegistrationBean   : Mapping filter: 'characterEncodingFilter' to: [/*]
2019-07-26 13:52:43.317  INFO 25188 --- [localhost-startStop-1] o.s.b.w.servlet.FilterRegistrationBean   : Mapping filter: 'hiddenHttpMethodFilter' to: [/*]
2019-07-26 13:52:43.317  INFO 25188 --- [localhost-startStop-1] o.s.b.w.servlet.FilterRegistrationBean   : Mapping filter: 'httpPutFormContentFilter' to: [/*]
2019-07-26 13:52:43.317  INFO 25188 --- [localhost-startStop-1] o.s.b.w.servlet.FilterRegistrationBean   : Mapping filter: 'requestContextFilter' to: [/*]
2019-07-26 13:52:43.467  INFO 25188 --- [main] o.s.w.s.handler.SimpleUrlHandlerMapping  : Mapped URL path [/**/favicon.ico] onto handler of type [class org.springframework.web.servlet.resource.ResourceHttpRequestHandler]
2019-07-26 13:52:43.658  INFO 25188 --- [main] s.w.s.m.m.a.RequestMappingHandlerAdapter : Looking for @ControllerAdvice: org.springframework.boot.web.servlet.context.AnnotationConfigServletWebServerApplicationContext@41e36e46: startup date [Fri Jul 26 13:52:41 CST 2019]; root of context hierarchy
2019-07-26 13:52:43.743  INFO 25188 --- [main] s.w.s.m.m.a.RequestMappingHandlerMapping : Mapped "{[/error]}" onto public org.springframework.http.ResponseEntity<java.util.Map<java.lang.String, java.lang.Object>> org.springframework.boot.autoconfigure.web.servlet.error.BasicErrorController.error(javax.servlet.http.HttpServletRequest)
2019-07-26 13:52:43.745  INFO 25188 --- [main] s.w.s.m.m.a.RequestMappingHandlerMapping : Mapped "{[/error],produces=[text/html]}" onto public org.springframework.web.servlet.ModelAndView org.springframework.boot.autoconfigure.web.servlet.error.BasicErrorController.errorHtml(javax.servlet.http.HttpServletRequest,javax.servlet.http.HttpServletResponse)
2019-07-26 13:52:43.773  INFO 25188 --- [main] o.s.w.s.handler.SimpleUrlHandlerMapping  : Mapped URL path [/webjars/**] onto handler of type [class org.springframework.web.servlet.resource.ResourceHttpRequestHandler]
2019-07-26 13:52:43.774  INFO 25188 --- [main] o.s.w.s.handler.SimpleUrlHandlerMapping  : Mapped URL path [/**] onto handler of type [class org.springframework.web.servlet.resource.ResourceHttpRequestHandler]
2019-07-26 13:52:43.937  INFO 25188 --- [main] o.s.j.e.a.AnnotationMBeanExporter        : Registering beans for JMX exposure on startup
2019-07-26 13:52:44.010  INFO 25188 --- [main] o.s.b.w.embedded.tomcat.TomcatWebServer  : Tomcat started on port(s): 1234 (http) with context path ''
2019-07-26 13:52:44.014  INFO 25188 --- [main] yfann.App                                : Started App in 3.479 seconds (JVM running for 4.191)
2019-07-26 13:52:44.080 ERROR 25188 --- [main] yfann.LogTest                            : error test
